2022-12-12 10:47:52,115:INFO: Training model: trans_DUBA
2022-12-12 10:48:38,139:INFO: Training model: trans_DUBA
2022-12-12 10:49:22,094:INFO: Training model: trans_DUBA
2022-12-12 10:50:03,801:INFO: Training model: trans_DUBA
2022-12-12 10:50:10,507:INFO: Vocab size en/zh:10523/2907
2022-12-12 10:51:57,379:INFO: Training model: trans_DUBA
2022-12-12 10:52:04,201:INFO: Vocab size en/zh:10523/2907
2022-12-12 10:52:38,494:INFO: Training model: trans_DUBA
2022-12-12 10:52:45,198:INFO: Vocab size en/zh:10523/2907
2022-12-12 10:53:37,919:INFO: Training model: trans_DUBA
2022-12-12 10:53:44,659:INFO: Vocab size en/zh:10523/2907
2022-12-12 10:55:00,053:INFO: Training model: trans_DUBA
2022-12-12 10:55:06,795:INFO: Vocab size en/zh:10523/2907
2022-12-12 10:56:10,634:INFO: Training model: trans_DUBA
2022-12-12 10:56:17,336:INFO: Vocab size en/zh:10523/2907
2022-12-12 10:56:49,515:INFO: Training model: trans_DUBA
2022-12-12 10:56:56,153:INFO: Vocab size en/zh:10523/2907
2022-12-12 10:56:56,961:INFO: train/val/test size: 4062/469/60000
2022-12-12 10:59:12,171:INFO: Training model: trans_DUBA
2022-12-12 10:59:18,976:INFO: Vocab size en/zh:10523/2907
2022-12-12 10:59:19,833:INFO: train/val/test size: 4062/469/60000
2022-12-12 10:59:57,640:INFO: Training model: trans_DUBA
2022-12-12 11:00:04,486:INFO: Vocab size en/zh:10523/2907
2022-12-12 11:00:05,337:INFO: train/val/test size: 4062/469/60000
2022-12-12 11:01:12,020:INFO: Training model: trans_DUBA
2022-12-12 11:01:18,717:INFO: Vocab size en/zh:10523/2907
2022-12-12 11:01:19,536:INFO: train/val/test size: 4062/469/60000
2022-12-12 11:11:30,254:INFO: Training model: trans_DUBA
2022-12-12 11:11:37,334:INFO: Vocab size en/zh:10523/2907
2022-12-12 11:11:38,192:INFO: train/val/test size: 4062/469/60000
2022-12-12 11:16:58,190:INFO: Training model: trans_DUBA
2022-12-12 11:17:04,922:INFO: Vocab size en/zh:10523/2907
2022-12-12 11:17:05,778:INFO: train/val/test size: 4062/469/60000
2022-12-12 11:35:14,502:INFO: Training model: trans_DUBA
2022-12-12 11:35:21,362:INFO: Vocab size en/zh:10523/2907
2022-12-12 11:35:22,182:INFO: train/val/test size: 4062/469/60000
2022-12-12 11:36:18,386:INFO: Training model: trans_DUBA
2022-12-12 11:36:25,129:INFO: Vocab size en/zh:10523/2907
2022-12-12 11:36:25,947:INFO: train/val/test size: 4062/469/60000
2022-12-12 11:37:05,996:INFO: Training model: trans_DUBA
2022-12-12 11:37:12,702:INFO: Vocab size en/zh:10523/2907
2022-12-12 11:37:13,540:INFO: train/val/test size: 4062/469/60000
2022-12-12 11:39:23,403:INFO: Training model: trans_DUBA
2022-12-12 11:39:30,071:INFO: Vocab size en/zh:10523/2907
2022-12-12 11:39:30,892:INFO: train/val/test size: 4062/469/60000
2022-12-12 11:45:04,089:INFO: Training model: trans_DUBA
2022-12-12 11:45:11,021:INFO: Vocab size en/zh:10523/2907
2022-12-12 11:45:11,935:INFO: train/val/test size: 4062/469/60000
2022-12-12 11:47:04,477:INFO: Training model: trans_DUBA
2022-12-12 11:47:11,280:INFO: Vocab size en/zh:10523/2907
2022-12-12 11:47:12,106:INFO: train/val/test size: 4062/469/60000
2022-12-12 11:47:25,786:INFO: Training model: trans_DUBA
2022-12-12 11:47:32,633:INFO: Vocab size en/zh:10523/2907
2022-12-12 11:47:33,548:INFO: train/val/test size: 4062/469/60000
2022-12-12 11:49:41,940:INFO: Training model: trans_DUBA
2022-12-12 11:49:48,777:INFO: Vocab size en/zh:10523/2907
2022-12-12 11:49:49,612:INFO: train/val/test size: 4062/469/60000
2022-12-12 11:50:21,568:INFO: Training model: trans_DUBA
2022-12-12 11:50:28,696:INFO: Vocab size en/zh:10523/2907
2022-12-12 11:50:29,681:INFO: train/val/test size: 4062/469/60000
2022-12-12 11:50:49,431:INFO: Training model: trans_DUBA
2022-12-12 11:50:56,165:INFO: Vocab size en/zh:10523/2907
2022-12-12 11:50:56,988:INFO: train/val/test size: 4062/469/60000
2022-12-12 12:01:21,218:INFO: Training model: trans_DUBA
2022-12-12 12:01:28,199:INFO: Vocab size en/zh:10523/2907
2022-12-12 12:01:29,025:INFO: train/val/test size: 4062/469/60000
2022-12-12 13:35:39,019:INFO: Training model: trans_DUBA
2022-12-12 13:35:46,507:INFO: Vocab size en/zh:10523/2907
2022-12-12 13:35:47,506:INFO: train/val/test size: 4062/469/60000
2022-12-12 13:38:29,011:INFO: Training model: trans_DUBA
2022-12-12 13:38:35,716:INFO: Vocab size en/zh:10523/2907
2022-12-12 13:38:36,527:INFO: train/val/test size: 4062/469/60000
2022-12-12 13:39:17,186:INFO: Training model: trans_DUBA
2022-12-12 13:39:24,021:INFO: Vocab size en/zh:10523/2907
2022-12-12 13:39:24,853:INFO: train/val/test size: 4062/469/60000
2022-12-12 14:11:22,303:INFO: Training model: trans_DUBA
2022-12-12 14:11:31,560:INFO: Vocab size en/zh:10523/2907
2022-12-12 14:11:32,966:INFO: train/val/test size: 4062/469/60000
2022-12-12 14:12:03,593:INFO: Training model: trans_DUBA
2022-12-12 14:12:12,158:INFO: Vocab size en/zh:10523/2907
2022-12-12 14:12:13,132:INFO: train/val/test size: 4062/469/60000
2022-12-12 14:21:00,408:INFO: Training model: trans_DUBA
2022-12-12 14:21:08,643:INFO: Vocab size en/zh:10523/2907
2022-12-12 14:21:09,793:INFO: train/val/test size: 4062/469/60000
2022-12-12 14:37:47,620:INFO: Training model: trans_DUBA
2022-12-12 14:37:56,341:INFO: Vocab size en/zh:10523/2907
2022-12-12 14:37:57,385:INFO: train/val/test size: 4062/469/60000
2022-12-12 15:22:00,461:INFO: Training model: trans_DUBA
2022-12-12 15:22:08,839:INFO: Vocab size en/zh:10523/2907
2022-12-12 15:22:09,896:INFO: train/val/test size: 4062/469/60000
2022-12-12 15:23:29,040:INFO: Training model: trans_DUBA
2022-12-12 15:23:37,329:INFO: Vocab size en/zh:10523/2907
2022-12-12 15:23:38,274:INFO: train/val/test size: 4062/469/60000
2022-12-12 15:26:33,821:INFO: Training model: trans_DUBA
2022-12-12 15:26:42,281:INFO: Vocab size en/zh:10523/2907
2022-12-12 15:26:43,190:INFO: train/val/test size: 4062/469/60000
2022-12-12 15:29:13,892:INFO: Training model: trans_DUBA
2022-12-12 15:29:25,477:INFO: Vocab size en/zh:10523/2907
2022-12-12 15:29:26,399:INFO: train/val/test size: 4062/469/60000
2022-12-12 15:31:22,962:INFO: Training model: trans_DUBA
2022-12-12 15:31:31,746:INFO: Vocab size en/zh:10523/2907
2022-12-12 15:31:32,725:INFO: train/val/test size: 4062/469/60000
2022-12-12 15:36:01,859:INFO: Training model: trans_DUBA
2022-12-12 15:36:11,244:INFO: Vocab size en/zh:10523/2907
2022-12-12 15:36:12,404:INFO: train/val/test size: 4062/469/60000
2022-12-12 15:38:54,895:INFO: Training model: trans_DUBA
2022-12-12 15:39:02,830:INFO: Vocab size en/zh:10523/2907
2022-12-12 15:39:03,707:INFO: train/val/test size: 4062/469/60000
2022-12-12 15:41:21,297:INFO: Training model: trans_DUBA
2022-12-12 15:41:29,874:INFO: Vocab size en/zh:10523/2907
2022-12-12 15:41:30,909:INFO: train/val/test size: 4062/469/60000
2022-12-12 15:43:49,903:INFO: Training model: trans_DUBA
2022-12-12 15:43:57,901:INFO: Vocab size en/zh:10523/2907
2022-12-12 15:43:58,754:INFO: train/val/test size: 4062/469/60000
2022-12-12 15:46:01,685:INFO: Training model: trans_DUBA
2022-12-12 15:46:10,463:INFO: Vocab size en/zh:10523/2907
2022-12-12 15:46:11,507:INFO: train/val/test size: 4062/469/60000
2022-12-12 16:01:01,950:INFO: Training model: trans_DUBA
2022-12-12 16:01:10,876:INFO: Vocab size en/zh:10523/2907
2022-12-12 16:01:12,069:INFO: train/val/test size: 4062/469/60000
2022-12-12 16:24:03,213:INFO: Training model: trans_DUBA
2022-12-12 16:24:12,073:INFO: Vocab size en/zh:10523/2907
2022-12-12 16:24:13,159:INFO: train/val/test size: 4062/469/60000
2022-12-12 16:24:53,363:INFO: Training model: trans_DUBA
2022-12-12 16:25:01,331:INFO: Vocab size en/zh:10523/2907
2022-12-12 16:25:02,312:INFO: train/val/test size: 4062/469/60000
2022-12-12 16:27:22,478:INFO: Training model: trans_DUBA
2022-12-12 16:27:29,337:INFO: Vocab size en/zh:10523/2907
2022-12-12 16:27:30,233:INFO: train/val/test size: 4062/469/60000
2022-12-12 16:48:54,851:INFO: Total time used: 0:21:10 Epoch 0 time uesd: 0:21:10 train loss: 5.4195 val loss: 0.0016 corpbleu_en2zh: 0.1549 corpbleu_zh2en: 0.0452
2022-12-12 16:49:03,105:INFO: Finished 1 epochs of training
2022-12-12 17:17:03,622:INFO: Total time used: 0:49:19 Epoch 1 time uesd: 0:28:00 train loss: 3.6399 val loss: 0.0013 corpbleu_en2zh: 0.2133 corpbleu_zh2en: 0.0923
2022-12-12 17:17:11,069:INFO: Finished 2 epochs of training
2022-12-12 18:00:18,224:INFO: Total time used: 1:32:33 Epoch 2 time uesd: 0:43:07 train loss: 3.2282 val loss: 0.0012 corpbleu_en2zh: 0.2394 corpbleu_zh2en: 0.1170
2022-12-12 18:00:24,607:INFO: Finished 3 epochs of training
2022-12-12 18:19:33,745:INFO: Total time used: 1:51:49 Epoch 3 time uesd: 0:19:09 train loss: 3.0076 val loss: 0.0012 corpbleu_en2zh: 0.2596 corpbleu_zh2en: 0.1332
2022-12-12 18:19:39,623:INFO: Finished 4 epochs of training
2022-12-12 19:26:02,922:INFO: Total time used: 2:58:18 Epoch 4 time uesd: 1:06:23 train loss: 2.8753 val loss: 0.0011 corpbleu_en2zh: 0.2716 corpbleu_zh2en: 0.1401
2022-12-12 19:26:09,482:INFO: Finished 5 epochs of training
2022-12-12 20:14:48,663:INFO: Total time used: 3:47:04 Epoch 5 time uesd: 0:48:39 train loss: 2.7848 val loss: 0.0011 corpbleu_en2zh: 0.2804 corpbleu_zh2en: 0.1458
2022-12-12 20:14:55,406:INFO: Finished 6 epochs of training
2022-12-12 20:37:09,157:INFO: Total time used: 4:09:24 Epoch 6 time uesd: 0:22:13 train loss: 2.7174 val loss: 0.0011 corpbleu_en2zh: 0.2888 corpbleu_zh2en: 0.1528
2022-12-12 20:37:15,542:INFO: Finished 7 epochs of training
2022-12-12 21:30:23,804:INFO: Total time used: 5:02:39 Epoch 7 time uesd: 0:53:08 train loss: 2.6639 val loss: 0.0011 corpbleu_en2zh: 0.2941 corpbleu_zh2en: 0.1565
2022-12-12 21:30:32,035:INFO: Finished 8 epochs of training
2022-12-12 21:50:58,497:INFO: Total time used: 5:23:13 Epoch 8 time uesd: 0:20:26 train loss: 2.6202 val loss: 0.0010 corpbleu_en2zh: 0.2976 corpbleu_zh2en: 0.1601
2022-12-12 21:51:04,913:INFO: Finished 9 epochs of training
2022-12-12 22:10:19,648:INFO: Total time used: 5:42:35 Epoch 9 time uesd: 0:19:14 train loss: 2.5833 val loss: 0.0010 corpbleu_en2zh: 0.3015 corpbleu_zh2en: 0.1634
2022-12-12 22:10:24,723:INFO: Finished 10 epochs of training
2022-12-12 22:29:44,451:INFO: Total time used: 6:01:59 Epoch 10 time uesd: 0:19:19 train loss: 2.5519 val loss: 0.0010 corpbleu_en2zh: 0.3056 corpbleu_zh2en: 0.1649
2022-12-12 22:29:49,386:INFO: Finished 11 epochs of training
2022-12-13 01:39:57,529:INFO: Total time used: 9:12:12 Epoch 11 time uesd: 3:10:08 train loss: 2.5242 val loss: 0.0010 corpbleu_en2zh: 0.3070 corpbleu_zh2en: 0.1673
2022-12-13 01:40:04,623:INFO: Finished 12 epochs of training
2022-12-13 03:36:56,020:INFO: Total time used: 11:09:11 Epoch 12 time uesd: 1:56:51 train loss: 2.5000 val loss: 0.0010 corpbleu_en2zh: 0.3093 corpbleu_zh2en: 0.1704
2022-12-13 03:37:03,514:INFO: Finished 13 epochs of training
2022-12-13 04:45:00,966:INFO: Total time used: 12:17:16 Epoch 13 time uesd: 1:07:57 train loss: 2.4778 val loss: 0.0010 corpbleu_en2zh: 0.3123 corpbleu_zh2en: 0.1721
2022-12-13 04:45:07,443:INFO: Finished 14 epochs of training
2022-12-13 06:07:04,091:INFO: Total time used: 13:39:19 Epoch 14 time uesd: 1:21:56 train loss: 2.4582 val loss: 0.0010 corpbleu_en2zh: 0.3138 corpbleu_zh2en: 0.1733
2022-12-13 06:07:10,770:INFO: Finished 15 epochs of training
2022-12-13 08:43:33,417:INFO: Total time used: 16:15:48 Epoch 15 time uesd: 2:36:22 train loss: 6.1368 val loss: 0.0010 corpbleu_en2zh: 0.2957 corpbleu_zh2en: 0.1774
2022-12-13 08:43:33,418:INFO: Finished 16 epochs of training
2022-12-13 09:34:17,543:INFO: Total time used: 17:06:33 Epoch 16 time uesd: 0:50:44 train loss: 5.1514 val loss: 0.0010 corpbleu_en2zh: 0.2986 corpbleu_zh2en: 0.1795
2022-12-13 09:34:17,544:INFO: Finished 17 epochs of training
2022-12-13 10:25:56,695:INFO: Total time used: 17:58:12 Epoch 17 time uesd: 0:51:39 train loss: 4.8113 val loss: 0.0010 corpbleu_en2zh: 0.3017 corpbleu_zh2en: 0.1822
2022-12-13 10:25:56,696:INFO: Finished 18 epochs of training
2022-12-13 10:41:09,123:INFO: Training model: trans_DUBA
2022-12-13 10:41:16,566:INFO: Vocab size en/zh:10523/2907
2022-12-13 10:41:17,809:INFO: train/val/test size: 4062/469/60000
2022-12-13 10:43:37,749:INFO: Training model: trans_DUBA
2022-12-13 10:43:44,895:INFO: Vocab size en/zh:10523/2907
2022-12-13 10:43:45,824:INFO: train/val/test size: 4062/469/60000
2022-12-13 10:58:13,153:INFO: Training model: trans_DUBA
2022-12-13 10:58:20,927:INFO: Vocab size en/zh:10523/2907
2022-12-13 10:58:22,075:INFO: train/val/test size: 4062/469/60000
2022-12-13 11:16:30,914:INFO: Total time used: 18:48:46 Epoch 18 time uesd: 0:50:34 train loss: 4.6250 val loss: 0.0010 corpbleu_en2zh: 0.3048 corpbleu_zh2en: 0.1849
2022-12-13 11:16:37,077:INFO: Finished 19 epochs of training
2022-12-13 11:24:01,739:INFO: Training model: trans_DUBA
2022-12-13 11:24:08,918:INFO: Vocab size en/zh:10523/2907
2022-12-13 11:24:09,906:INFO: train/val/test size: 4062/469/60000
2022-12-13 11:26:00,808:INFO: Training model: trans_DUBA
2022-12-13 11:26:07,864:INFO: Vocab size en/zh:10523/2907
2022-12-13 11:26:08,716:INFO: train/val/test size: 4062/469/60000
2022-12-13 11:27:14,665:INFO: Training model: trans_DUBA
2022-12-13 11:27:22,022:INFO: Vocab size en/zh:10523/2907
2022-12-13 11:27:22,982:INFO: train/val/test size: 4062/469/60000
2022-12-13 11:28:10,586:INFO: Training model: trans_DUBA
2022-12-13 11:28:17,637:INFO: Vocab size en/zh:10523/2907
2022-12-13 11:28:18,496:INFO: train/val/test size: 4062/469/60000
2022-12-13 12:07:34,765:INFO: Total time used: 19:39:50 Epoch 19 time uesd: 0:50:57 train loss: 4.5057 val loss: 0.0010 corpbleu_en2zh: 0.3066 corpbleu_zh2en: 0.1868
2022-12-13 12:07:41,489:INFO: Finished 20 epochs of training
2022-12-13 13:38:37,004:INFO: Total time used: 21:10:52 Epoch 20 time uesd: 1:30:55 train loss: 4.4227 val loss: 0.0010 corpbleu_en2zh: 0.3078 corpbleu_zh2en: 0.1883
2022-12-13 13:38:44,191:INFO: Finished 21 epochs of training
2022-12-13 14:28:38,170:INFO: Total time used: 22:00:53 Epoch 21 time uesd: 0:49:53 train loss: 4.3575 val loss: 0.0010 corpbleu_en2zh: 0.3095 corpbleu_zh2en: 0.1891
2022-12-13 14:28:44,633:INFO: Finished 22 epochs of training
2022-12-13 16:01:37,407:INFO: Total time used: 23:33:52 Epoch 22 time uesd: 1:32:52 train loss: 4.3060 val loss: 0.0010 corpbleu_en2zh: 0.3103 corpbleu_zh2en: 0.1903
2022-12-13 16:01:43,883:INFO: Finished 23 epochs of training
2022-12-13 18:55:57,169:INFO: Total time used: 1 day, 2:28:12 Epoch 23 time uesd: 2:54:13 train loss: 4.2614 val loss: 0.0010 corpbleu_en2zh: 0.3120 corpbleu_zh2en: 0.1907
2022-12-13 18:56:13,082:INFO: Finished 24 epochs of training
2022-12-14 08:13:27,582:INFO: Training model: trans_DUBA
2022-12-14 08:13:36,170:INFO: Vocab size en/zh:10523/2907
2022-12-14 08:13:37,736:INFO: train/val/test size: 4062/469/60000
2022-12-14 08:36:28,849:INFO: Total time used: 0:22:23 Epoch 0 time used: 0:22:23 train loss: 5.4195 val loss: 0.0016 corpbleu_en2zh: 0.1549 corpbleu_zh2en: 0.0452
2022-12-14 08:36:42,105:INFO: Finished 1 epochs of training
2022-12-14 08:59:52,787:INFO: Total time used: 0:45:47 Epoch 1 time used: 0:23:10 train loss: 3.6399 val loss: 0.0013 corpbleu_en2zh: 0.2133 corpbleu_zh2en: 0.0923
2022-12-14 09:00:00,274:INFO: Finished 2 epochs of training
2022-12-14 09:23:11,227:INFO: Total time used: 1:09:06 Epoch 2 time used: 0:23:10 train loss: 3.2282 val loss: 0.0012 corpbleu_en2zh: 0.2394 corpbleu_zh2en: 0.1170
2022-12-14 09:23:19,067:INFO: Finished 3 epochs of training
2022-12-14 09:46:40,195:INFO: Total time used: 1:32:35 Epoch 3 time used: 0:23:21 train loss: 3.0076 val loss: 0.0012 corpbleu_en2zh: 0.2596 corpbleu_zh2en: 0.1332
2022-12-14 09:46:47,524:INFO: Finished 4 epochs of training
2022-12-14 10:09:59,696:INFO: Total time used: 1:55:54 Epoch 4 time used: 0:23:12 train loss: 2.8753 val loss: 0.0011 corpbleu_en2zh: 0.2716 corpbleu_zh2en: 0.1401
2022-12-14 10:10:07,339:INFO: Finished 5 epochs of training
2022-12-14 10:50:12,030:INFO: Total time used: 2:36:06 Epoch 5 time used: 0:40:04 train loss: 2.7848 val loss: 0.0011 corpbleu_en2zh: 0.2804 corpbleu_zh2en: 0.1458
2022-12-14 10:50:18,653:INFO: Finished 6 epochs of training
2022-12-14 11:12:04,106:INFO: Total time used: 2:57:59 Epoch 6 time used: 0:21:45 train loss: 2.7174 val loss: 0.0011 corpbleu_en2zh: 0.2888 corpbleu_zh2en: 0.1528
2022-12-14 11:12:10,700:INFO: Finished 7 epochs of training
2022-12-14 11:31:15,545:INFO: Total time used: 3:17:10 Epoch 7 time used: 0:19:04 train loss: 2.6639 val loss: 0.0011 corpbleu_en2zh: 0.2941 corpbleu_zh2en: 0.1565
2022-12-14 11:31:20,775:INFO: Finished 8 epochs of training
2022-12-14 11:50:25,832:INFO: Total time used: 3:36:20 Epoch 8 time used: 0:19:05 train loss: 2.6202 val loss: 0.0010 corpbleu_en2zh: 0.2976 corpbleu_zh2en: 0.1601
2022-12-14 11:50:32,396:INFO: Finished 9 epochs of training
2022-12-14 13:12:27,831:INFO: Total time used: 4:58:22 Epoch 9 time used: 1:21:55 train loss: 2.5833 val loss: 0.0010 corpbleu_en2zh: 0.3015 corpbleu_zh2en: 0.1634
2022-12-14 13:12:35,135:INFO: Finished 10 epochs of training
2022-12-14 13:32:26,442:INFO: Total time used: 5:18:21 Epoch 10 time used: 0:19:51 train loss: 2.5519 val loss: 0.0010 corpbleu_en2zh: 0.3056 corpbleu_zh2en: 0.1649
2022-12-14 13:32:32,259:INFO: Finished 11 epochs of training
2022-12-14 13:51:46,281:INFO: Total time used: 5:37:41 Epoch 11 time used: 0:19:14 train loss: 2.5242 val loss: 0.0010 corpbleu_en2zh: 0.3070 corpbleu_zh2en: 0.1673
2022-12-14 13:51:51,407:INFO: Finished 12 epochs of training
2022-12-14 14:11:06,332:INFO: Total time used: 5:57:01 Epoch 12 time used: 0:19:14 train loss: 2.5000 val loss: 0.0010 corpbleu_en2zh: 0.3093 corpbleu_zh2en: 0.1704
2022-12-14 14:11:12,557:INFO: Finished 13 epochs of training
2022-12-14 14:30:55,780:INFO: Total time used: 6:16:50 Epoch 13 time used: 0:19:43 train loss: 2.4778 val loss: 0.0010 corpbleu_en2zh: 0.3123 corpbleu_zh2en: 0.1721
2022-12-14 14:31:01,361:INFO: Finished 14 epochs of training
2022-12-14 14:52:11,286:INFO: Total time used: 6:38:06 Epoch 14 time used: 0:21:09 train loss: 2.4582 val loss: 0.0010 corpbleu_en2zh: 0.3138 corpbleu_zh2en: 0.1733
2022-12-14 14:52:16,412:INFO: Finished 15 epochs of training
2022-12-14 15:42:25,241:INFO: Total time used: 7:28:20 Epoch 15 time used: 0:50:08 train loss: 6.1368 val loss: 0.0010 corpbleu_en2zh: 0.2957 corpbleu_zh2en: 0.1774
2022-12-14 15:42:25,242:INFO: Finished 16 epochs of training
2022-12-15 07:48:34,384:INFO: Training model: trans_DUBA
2022-12-15 07:48:44,009:INFO: Vocab size en/zh:10523/2907
2022-12-15 07:48:45,558:INFO: train/val/test size: 4062/469/60000
2022-12-15 08:32:06,807:INFO: Training model: trans_DUBA
2022-12-15 08:32:13,985:INFO: Vocab size en/zh:10523/2907
2022-12-15 08:32:15,523:INFO: train/val/test size: 4062/469/60000
2022-12-15 08:58:23,288:INFO: Total time used: 0:25:34 Epoch 0 time used: 0:25:34 train loss: 5.4195 val loss: 0.0016 corpbleu_en2zh: 0.1549 corpbleu_zh2en: 0.0452
2022-12-15 08:58:37,181:INFO: Finished 1 epochs of training
2022-12-15 09:23:50,993:INFO: Total time used: 0:51:01 Epoch 1 time used: 0:25:13 train loss: 3.6399 val loss: 0.0013 corpbleu_en2zh: 0.2133 corpbleu_zh2en: 0.0923
2022-12-15 09:24:00,266:INFO: Finished 2 epochs of training
2022-12-15 09:49:27,011:INFO: Total time used: 1:16:37 Epoch 2 time used: 0:25:26 train loss: 3.2282 val loss: 0.0012 corpbleu_en2zh: 0.2394 corpbleu_zh2en: 0.1170
2022-12-15 09:49:35,455:INFO: Finished 3 epochs of training
2022-12-15 10:15:45,944:INFO: Total time used: 1:42:56 Epoch 3 time used: 0:26:10 train loss: 3.0076 val loss: 0.0012 corpbleu_en2zh: 0.2596 corpbleu_zh2en: 0.1332
2022-12-15 10:15:56,250:INFO: Finished 4 epochs of training
2022-12-15 10:42:27,632:INFO: Total time used: 2:09:38 Epoch 4 time used: 0:26:31 train loss: 2.8753 val loss: 0.0011 corpbleu_en2zh: 0.2716 corpbleu_zh2en: 0.1401
2022-12-15 10:42:37,754:INFO: Finished 5 epochs of training
2022-12-15 11:09:18,091:INFO: Total time used: 2:36:28 Epoch 5 time used: 0:26:40 train loss: 2.7848 val loss: 0.0011 corpbleu_en2zh: 0.2804 corpbleu_zh2en: 0.1458
2022-12-15 11:09:26,596:INFO: Finished 6 epochs of training
2022-12-15 11:35:03,040:INFO: Total time used: 3:02:13 Epoch 6 time used: 0:25:36 train loss: 2.7174 val loss: 0.0011 corpbleu_en2zh: 0.2888 corpbleu_zh2en: 0.1528
2022-12-15 11:35:12,548:INFO: Finished 7 epochs of training
2022-12-15 12:01:20,321:INFO: Total time used: 3:28:31 Epoch 7 time used: 0:26:07 train loss: 2.6639 val loss: 0.0011 corpbleu_en2zh: 0.2941 corpbleu_zh2en: 0.1565
2022-12-15 12:01:28,974:INFO: Finished 8 epochs of training
2022-12-15 12:40:36,823:INFO: Total time used: 4:07:47 Epoch 8 time used: 0:39:07 train loss: 2.6202 val loss: 0.0010 corpbleu_en2zh: 0.2976 corpbleu_zh2en: 0.1601
2022-12-15 12:40:46,581:INFO: Finished 9 epochs of training
2022-12-15 13:30:54,164:INFO: Total time used: 4:58:04 Epoch 9 time used: 0:50:07 train loss: 2.5833 val loss: 0.0010 corpbleu_en2zh: 0.3015 corpbleu_zh2en: 0.1634
2022-12-15 13:31:03,906:INFO: Finished 10 epochs of training
2022-12-15 13:53:34,773:INFO: Total time used: 5:20:45 Epoch 10 time used: 0:22:30 train loss: 2.5519 val loss: 0.0010 corpbleu_en2zh: 0.3056 corpbleu_zh2en: 0.1649
2022-12-15 13:53:51,081:INFO: Finished 11 epochs of training
2022-12-15 14:14:15,048:INFO: Total time used: 5:41:25 Epoch 11 time used: 0:20:23 train loss: 2.5242 val loss: 0.0010 corpbleu_en2zh: 0.3070 corpbleu_zh2en: 0.1673
2022-12-15 14:14:22,484:INFO: Finished 12 epochs of training
2022-12-15 14:34:33,248:INFO: Total time used: 6:01:43 Epoch 12 time used: 0:20:10 train loss: 2.5000 val loss: 0.0010 corpbleu_en2zh: 0.3093 corpbleu_zh2en: 0.1704
2022-12-15 14:34:42,456:INFO: Finished 13 epochs of training
2022-12-15 14:54:49,362:INFO: Total time used: 6:22:00 Epoch 13 time used: 0:20:06 train loss: 2.4778 val loss: 0.0010 corpbleu_en2zh: 0.3123 corpbleu_zh2en: 0.1721
2022-12-15 14:54:58,087:INFO: Finished 14 epochs of training
2022-12-15 15:15:25,060:INFO: Total time used: 6:42:35 Epoch 14 time used: 0:20:26 train loss: 2.4582 val loss: 0.0010 corpbleu_en2zh: 0.3138 corpbleu_zh2en: 0.1733
2022-12-15 15:15:33,689:INFO: Finished 15 epochs of training
2022-12-15 15:15:33,689:INFO: Best corpus bleu score 0.4871 at epoch 14
2022-12-15 15:15:33,690:INFO: ************ Start eval... ************
2022-12-15 15:15:34,311:INFO: Use epoch 14 as the best model for testing
2022-12-15 15:20:57,320:INFO: Training model: trans_DUBA
2022-12-15 15:21:05,175:INFO: Vocab size en/zh:10523/2907
2022-12-15 15:21:06,100:INFO: train/val/test size: 4062/469/60000
2022-12-15 15:22:58,083:INFO: Training model: trans_DUBA
2022-12-15 15:23:05,465:INFO: Vocab size en/zh:10523/2907
2022-12-15 15:23:06,384:INFO: train/val/test size: 4062/469/60000
2022-12-15 15:24:13,156:INFO: Training model: trans_DUBA
2022-12-15 15:24:21,700:INFO: Training model: trans_DUBA
2022-12-15 15:24:28,593:INFO: Vocab size en/zh:10523/2907
2022-12-15 15:24:29,481:INFO: train/val/test size: 4062/469/60000
2022-12-15 15:26:39,736:INFO: Training model: trans_DUBA
2022-12-15 15:26:46,908:INFO: Vocab size en/zh:10523/2907
2022-12-15 15:26:47,970:INFO: train/val/test size: 4062/469/60000
2022-12-15 15:49:30,434:INFO: Total time used: 0:22:35 Epoch 0 time used: 0:22:35 train loss: 5.4195 val loss: 0.0016 corpbleu_en2zh: 0.1549 corpbleu_zh2en: 0.0452
2022-12-15 15:49:41,967:INFO: Finished 1 epochs of training
2022-12-15 15:49:41,967:INFO: Best corpus bleu score 0.2001 at epoch 0
2022-12-15 15:49:41,967:INFO: ************ Start eval... ************
2022-12-15 15:49:42,665:INFO: Use epoch 0 as the best model for testing
2022-12-15 16:06:07,163:INFO: Training model: trans_DUBA
2022-12-15 16:06:17,190:INFO: Vocab size en/zh:10523/2907
2022-12-15 16:06:18,358:INFO: train/val/test size: 4062/469/60000
2022-12-15 16:08:12,737:INFO: Training model: trans_DUBA
2022-12-15 16:08:22,302:INFO: Vocab size en/zh:10523/2907
2022-12-15 16:08:56,361:INFO: Training model: trans_DUBA
2022-12-15 16:09:05,713:INFO: Vocab size en/zh:10523/2907
2022-12-15 16:09:35,033:INFO: Training model: trans_DUBA
2022-12-15 16:09:44,041:INFO: Vocab size en/zh:10523/2907
2022-12-15 16:09:59,755:INFO: Training model: trans_DUBA
2022-12-15 16:10:07,125:INFO: Vocab size en/zh:10523/2907
2022-12-15 16:10:08,141:INFO: train/val/test size: 4062/469/60000
2022-12-15 16:22:11,758:INFO: Training model: trans_DUBA
2022-12-15 16:22:21,470:INFO: Vocab size en/zh:10523/2907
2022-12-15 16:51:14,684:INFO: Training model: trans_DUBA
2022-12-15 16:51:24,573:INFO: Vocab size en/zh:10523/2907
2022-12-15 16:51:25,593:INFO: train/val/test size: 4062/469/60000
2022-12-15 21:35:12,678:INFO: Total time used: 4:43:08 Epoch 0 time used: 4:43:08 train loss: 5.4195 val loss: 0.0016 corpbleu_en2zh: 0.1549 corpbleu_zh2en: 0.0452
2022-12-15 21:35:23,034:INFO: Finished 1 epochs of training
2022-12-15 21:35:23,034:INFO: Best corpus bleu score 0.2001 at epoch 0
2022-12-15 21:35:23,034:INFO: ************ Start eval... ************
2022-12-15 21:35:23,607:INFO: Use epoch 0 as the best model for testing
2022-12-19 09:02:20,171:INFO: Training model: trans_DUBA
2022-12-19 09:02:28,116:INFO: Vocab size en/zh:10523/2907
2022-12-19 09:02:29,267:INFO: train/val/test size: 4062/469/60000
2022-12-19 09:23:13,750:INFO: Total time used: 0:20:25 Epoch 0 time used: 0:20:25 train loss: 5.4195 val loss: 0.0016 corpbleu_en2zh: 0.1549 corpbleu_zh2en: 0.0452
2022-12-19 09:23:22,705:INFO: Finished 1 epochs of training
2022-12-19 09:23:22,705:INFO: Best corpus bleu score 0.2001 at epoch 0
2022-12-19 09:23:22,705:INFO: ************ Start eval... ************
2022-12-19 09:23:23,259:INFO: Use epoch 0 as the best model for testing
2022-12-19 09:54:26,018:INFO: Training model: trans_DUBA
2022-12-19 09:54:32,962:INFO: Vocab size en/zh:10523/2907
2022-12-19 09:54:33,866:INFO: train/val/test size: 4062/469/30000
2022-12-19 10:14:53,002:INFO: Total time used: 0:20:13 Epoch 0 time used: 0:20:13 train loss: 5.4195 val loss: 0.0016 corpbleu_en2zh: 0.1549 corpbleu_zh2en: 0.0452
2022-12-19 10:14:57,956:INFO: Finished 1 epochs of training
2022-12-19 10:14:57,957:INFO: Best corpus bleu score 0.2001 at epoch 0
2022-12-19 10:14:57,957:INFO: ************ Start eval... ************
2022-12-19 10:14:58,490:INFO: Use epoch 0 as the best model for testing
2022-12-19 10:31:38,511:INFO: Training model: trans_DUBA
2022-12-19 10:31:45,841:INFO: Vocab size en/zh:10523/2907
2022-12-19 10:31:46,725:INFO: train/val/test size: 4062/469/60000
2022-12-19 10:51:49,704:INFO: Total time used: 0:19:57 Epoch 0 time used: 0:19:57 train loss: 5.4195 val loss: 0.0016 corpbleu_en2zh: 0.1549 corpbleu_zh2en: 0.0452
2022-12-19 10:51:56,277:INFO: Finished 1 epochs of training
2022-12-19 10:51:56,278:INFO: Best corpus bleu score 0.2001 at epoch 0
2022-12-19 10:51:56,278:INFO: ************ Start eval... ************
2022-12-19 10:51:56,877:INFO: Use epoch 0 as the best model for testing
2022-12-19 10:53:31,231:INFO: Training model: trans_DUBA
2022-12-19 10:53:38,462:INFO: Vocab size en/zh:10523/2907
2022-12-19 10:53:39,370:INFO: train/val/test size: 4062/469/60000
2022-12-19 11:14:36,593:INFO: Total time used: 0:20:49 Epoch 0 time used: 0:20:49 train loss: 5.4195 val loss: 0.0016 corpbleu_en2zh: 0.1549 corpbleu_zh2en: 0.0452
2022-12-19 11:14:44,611:INFO: Finished 1 epochs of training
2022-12-19 11:14:44,611:INFO: Best corpus bleu score 0.2001 at epoch 0
2022-12-19 11:14:44,612:INFO: ************ Start eval... ************
2022-12-19 11:14:45,235:INFO: Use epoch 0 as the best model for testing
2022-12-19 11:30:09,839:INFO: Training model: trans_DUBA
2022-12-19 11:30:17,630:INFO: Vocab size en/zh:10523/2907
2022-12-19 11:30:17,983:INFO: train/val/test size: 469/469/30000
2022-12-19 11:35:07,691:INFO: Total time used: 0:04:37 Epoch 0 time used: 0:04:37 train loss: 8.9417 val loss: 0.0028 corpbleu_en2zh: 0.0090 corpbleu_zh2en: 0.0000
2022-12-19 11:35:12,942:INFO: Finished 1 epochs of training
2022-12-19 11:35:12,943:INFO: Best corpus bleu score 0.0090 at epoch 0
2022-12-19 11:35:12,943:INFO: ************ Start eval... ************
2022-12-19 11:35:13,651:INFO: Use epoch 0 as the best model for testing
2022-12-19 11:38:52,964:INFO: Training model: trans_DUBA
2022-12-19 11:38:59,831:INFO: Vocab size en/zh:10523/2907
2022-12-19 11:39:00,143:INFO: train/val/test size: 469/469/30000
2022-12-19 11:39:42,560:INFO: Training model: trans_DUBA
2022-12-19 11:39:49,680:INFO: Vocab size en/zh:10523/2907
2022-12-19 11:39:50,021:INFO: train/val/test size: 469/469/30000
2022-12-19 11:44:45,161:INFO: Total time used: 0:04:50 Epoch 0 time used: 0:04:50 train loss: 8.9417 val loss: 0.0028 corpbleu_en2zh: 0.0090 corpbleu_zh2en: 0.0000
2022-12-19 11:44:54,255:INFO: Finished 1 epochs of training
2022-12-19 11:44:54,256:INFO: Best corpus bleu score 0.0090 at epoch 0
2022-12-19 11:44:54,256:INFO: ************ Start eval... ************
2022-12-19 11:44:55,020:INFO: Use epoch 0 as the best model for testing
2022-12-19 11:48:20,141:INFO: Training model: trans_DUBA
2022-12-19 11:48:27,911:INFO: Vocab size en/zh:10523/2907
2022-12-19 11:48:28,938:INFO: train/val/test size: 4062/469/60000
2022-12-19 12:08:45,879:INFO: Total time used: 0:20:02 Epoch 0 time used: 0:20:02 train loss: 5.4195 val loss: 0.0016 corpbleu_en2zh: 0.1549 corpbleu_zh2en: 0.0452
2022-12-19 12:08:54,758:INFO: Finished 1 epochs of training
2022-12-19 12:08:54,759:INFO: Best corpus bleu score 0.2001 at epoch 0
2022-12-19 12:08:54,759:INFO: ************ Start eval... ************
2022-12-19 12:08:55,325:INFO: Use epoch 0 as the best model for testing
2022-12-19 13:29:16,746:INFO: Training model: trans_DUBA
2022-12-19 13:29:24,266:INFO: Vocab size en/zh:10523/2907
2022-12-19 13:29:39,045:INFO: Training model: trans_DUBA
2022-12-19 13:29:46,015:INFO: Vocab size en/zh:10523/2907
2022-12-19 13:29:46,983:INFO: train/val/test size: 4062/469/60000
2022-12-19 13:49:52,531:INFO: Total time used: 0:19:48 Epoch 0 time used: 0:19:48 train loss: 5.4195 val loss: 0.0016 corpbleu_en2zh: 0.1549 corpbleu_zh2en: 0.0452
2022-12-19 13:50:01,228:INFO: Finished 1 epochs of training
2022-12-19 13:50:01,229:INFO: Best corpus bleu score 0.2001 at epoch 0
2022-12-19 13:50:01,229:INFO: ************ Start eval... ************
2022-12-19 13:50:01,902:INFO: Use epoch 0 as the best model for testing
2022-12-19 13:50:49,340:INFO: Training model: trans_DUBA
2022-12-19 13:50:56,573:INFO: Vocab size en/zh:10523/2907
2022-12-19 13:50:57,544:INFO: train/val/test size: 4062/469/30000
2022-12-19 14:10:40,917:INFO: Total time used: 0:19:36 Epoch 0 time used: 0:19:36 train loss: 5.4195 val loss: 0.0016 corpbleu_en2zh: 0.1549 corpbleu_zh2en: 0.0452
2022-12-19 14:10:46,417:INFO: Finished 1 epochs of training
2022-12-19 14:10:46,418:INFO: Best corpus bleu score 0.2001 at epoch 0
2022-12-19 14:10:46,418:INFO: ************ Start eval... ************
2022-12-19 14:10:46,979:INFO: Use epoch 0 as the best model for testing
2022-12-19 14:11:53,467:INFO: Training model: trans_DUBA
2022-12-19 14:12:00,350:INFO: Vocab size en/zh:10523/2907
2022-12-19 14:12:01,256:INFO: train/val/test size: 4062/469/30000
2022-12-19 14:32:03,309:INFO: Total time used: 0:19:56 Epoch 0 time used: 0:19:56 train loss: 5.4195 val loss: 0.0016 corpbleu_en2zh: 0.1549 corpbleu_zh2en: 0.0452
2022-12-19 14:32:08,645:INFO: Finished 1 epochs of training
2022-12-19 14:32:08,646:INFO: Best corpus bleu score 0.2001 at epoch 0
2022-12-19 14:32:08,646:INFO: ************ Start eval... ************
2022-12-19 14:32:09,200:INFO: Use epoch 0 as the best model for testing
2022-12-19 14:35:48,497:INFO: Training model: trans_DUBA
2022-12-19 14:35:55,459:INFO: Vocab size en/zh:10523/2907
2022-12-19 14:35:56,357:INFO: train/val/test size: 4062/469/30000
2022-12-19 14:56:12,538:INFO: Total time used: 0:20:11 Epoch 0 time used: 0:20:11 train loss: 5.4195 val loss: 0.0016 corpbleu_en2zh: 0.1549 corpbleu_zh2en: 0.0452
2022-12-19 14:56:17,456:INFO: Finished 1 epochs of training
2022-12-19 14:56:17,456:INFO: Best corpus bleu score 0.2001 at epoch 0
2022-12-19 14:56:17,456:INFO: ************ Start eval... ************
2022-12-19 14:56:18,006:INFO: Use epoch 0 as the best model for testing
2022-12-19 15:01:13,589:INFO: Training model: trans_DUBA
2022-12-19 15:01:20,558:INFO: Vocab size en/zh:10523/2907
2022-12-19 15:01:21,389:INFO: train/val/test size: 4062/469/50
2022-12-19 15:21:53,615:INFO: Total time used: 0:20:27 Epoch 0 time used: 0:20:27 train loss: 5.4195 val loss: 0.0016 corpbleu_en2zh: 0.1549 corpbleu_zh2en: 0.0452
2022-12-19 15:22:00,611:INFO: Finished 1 epochs of training
2022-12-19 15:22:00,611:INFO: Best corpus bleu score 0.2001 at epoch 0
2022-12-19 15:22:00,611:INFO: ************ Start eval... ************
2022-12-19 15:22:01,184:INFO: Use epoch 0 as the best model for testing
2022-12-19 15:26:16,989:INFO: test_data: en2zh_corpbleu:0.05701704120325899 zh2en_corpbleu 0.040228123439551886
2022-12-19 17:25:09,153:INFO: Training model: trans_DUBA
