2022-12-19 17:27:43,348:INFO: Training model: trans_rhye
2022-12-19 17:29:48,010:INFO: Vocab size en/ko:5493/7552
2022-12-19 17:31:33,191:INFO: Training model: trans_rhye
2022-12-19 17:33:33,007:INFO: Vocab size en/ko:5493/7552
2022-12-19 17:36:14,016:INFO: Training model: trans_rhye
2022-12-19 17:38:15,003:INFO: Vocab size en/ko:5493/7552
2022-12-19 17:39:31,006:INFO: Training model: trans_rhye
2022-12-19 17:41:33,651:INFO: Vocab size en/ko:5493/7552
2022-12-19 17:42:53,483:INFO: Training model: trans_rhye
2022-12-19 17:44:56,250:INFO: Vocab size en/ko:5493/7552
2022-12-19 17:46:38,637:INFO: Training model: trans_rhye
2022-12-19 17:48:38,718:INFO: Vocab size en/ko:5493/7552
2022-12-19 17:48:56,586:INFO: Training model: trans_rhye
2022-12-19 17:50:59,336:INFO: Vocab size en/ko:5493/7552
2022-12-19 17:58:47,016:INFO: Training model: trans_rhye
2022-12-19 17:59:44,724:INFO: Training model: trans_rhye
2022-12-19 18:01:45,704:INFO: Vocab size en/ko:5493/7552
2022-12-19 18:02:51,227:INFO: train/val/test size: 21948/28688/1404637
2022-12-19 18:05:51,047:INFO: Training model: trans_rhye
2022-12-19 18:07:52,815:INFO: Vocab size en/ko:5493/7552
2022-12-19 18:10:33,453:INFO: train/val/test size: 50636/28688/1404637
2022-12-19 18:15:03,802:INFO: Training model: trans_rhye
2022-12-19 18:17:04,172:INFO: Vocab size en/ko:5493/7552
2022-12-19 18:19:38,232:INFO: Training model: trans_rhye
2022-12-19 18:21:45,379:INFO: Vocab size en/ko:5493/7552
2022-12-19 18:24:23,304:INFO: train/val/test size: 1181/667/32911
2022-12-19 18:33:22,861:INFO: Total time used: 0:08:54 Epoch 0 time used: 0:08:54 train loss: 7.7647 val loss: 0.0041 corpbleu_en2ko: 0.0000 corpbleu_ko2en: 0.0055
2022-12-19 18:33:25,694:INFO: Finished 1 epochs of training
2022-12-19 18:33:25,695:INFO: Best corpus bleu score 0.0055 at epoch 0
2022-12-19 18:33:25,695:INFO: ************ Start eval... ************
2022-12-19 18:33:26,239:INFO: Use epoch 0 as the best model for testing
2022-12-20 08:50:48,685:INFO: Training model: trans_rhye
2022-12-20 08:52:52,052:INFO: Vocab size en/ko:5493/7552
2022-12-20 08:55:36,799:INFO: train/val/test size: 1181/667/32911
2022-12-20 09:04:56,282:INFO: Total time used: 0:09:01 Epoch 0 time used: 0:09:01 train loss: 7.7647 val loss: 0.0041 corpbleu_en2ko: 0.0000 corpbleu_ko2en: 0.0055
2022-12-20 09:05:03,836:INFO: Finished 1 epochs of training
2022-12-20 09:05:03,837:INFO: Best corpus bleu score 0.0055 at epoch 0
2022-12-20 09:05:03,837:INFO: ************ Start eval... ************
2022-12-20 09:05:04,412:INFO: Use epoch 0 as the best model for testing
2022-12-20 10:49:56,073:INFO: Training model: trans_rhye
2022-12-20 10:51:59,495:INFO: Vocab size en/ko:5493/7552
2022-12-20 10:54:21,888:INFO: train/val/test size: 1181/667/125
2022-12-20 11:03:29,451:INFO: Total time used: 0:08:51 Epoch 0 time used: 0:08:51 train loss: 7.7647 val loss: 0.0041 corpbleu_en2ko: 0.0000 corpbleu_ko2en: 0.0055
2022-12-20 11:03:36,707:INFO: Finished 1 epochs of training
2022-12-20 11:03:36,707:INFO: Best corpus bleu score 0.0055 at epoch 0
2022-12-20 11:03:36,707:INFO: ************ Start eval... ************
2022-12-20 11:03:37,226:INFO: Use epoch 0 as the best model for testing
2022-12-20 11:14:03,173:INFO: test_data: en2ko_corpbleu:2.0997264947622394e-157 ko2en_corpbleu 4.7582315678056306e-157
2022-12-20 11:16:37,251:INFO: Training model: trans_rhye
2022-12-20 11:18:21,722:INFO: Training model: trans_rhye
2022-12-20 11:18:49,033:INFO: Training model: trans_rhye
2022-12-20 11:20:53,310:INFO: Vocab size en/ko:5493/7552
2022-12-20 11:23:16,825:INFO: train/val/test size: 1181/667/125
2022-12-20 11:32:26,999:INFO: Total time used: 0:09:03 Epoch 0 time used: 0:09:03 train loss: 7.7647 val loss: 0.0041 corpbleu_en2ko: 0.0000 corpbleu_ko2en: 0.0055
2022-12-20 11:32:34,663:INFO: Finished 1 epochs of training
2022-12-20 11:41:45,439:INFO: Total time used: 0:18:21 Epoch 1 time used: 0:09:10 train loss: 5.9202 val loss: 0.0035 corpbleu_en2ko: 0.0095 corpbleu_ko2en: 0.0360
2022-12-20 11:41:51,865:INFO: Finished 2 epochs of training
2022-12-20 11:50:56,657:INFO: Total time used: 0:27:33 Epoch 2 time used: 0:09:04 train loss: 5.2734 val loss: 0.0031 corpbleu_en2ko: 0.0254 corpbleu_ko2en: 0.0663
2022-12-20 11:51:01,747:INFO: Finished 3 epochs of training
2022-12-20 12:42:11,292:INFO: Total time used: 1:18:47 Epoch 3 time used: 0:51:09 train loss: 4.7824 val loss: 0.0028 corpbleu_en2ko: 0.0422 corpbleu_ko2en: 0.1006
2022-12-20 12:42:16,389:INFO: Finished 4 epochs of training
2022-12-20 13:12:41,762:INFO: Total time used: 1:49:18 Epoch 4 time used: 0:30:25 train loss: 4.3985 val loss: 0.0026 corpbleu_en2ko: 0.0565 corpbleu_ko2en: 0.1357
2022-12-20 13:12:46,316:INFO: Finished 5 epochs of training
2022-12-20 13:21:39,938:INFO: Total time used: 1:58:16 Epoch 5 time used: 0:08:53 train loss: 4.1002 val loss: 0.0024 corpbleu_en2ko: 0.0745 corpbleu_ko2en: 0.1665
2022-12-20 13:21:45,191:INFO: Finished 6 epochs of training
2022-12-20 13:30:44,427:INFO: Total time used: 2:07:20 Epoch 6 time used: 0:08:59 train loss: 3.8646 val loss: 0.0022 corpbleu_en2ko: 0.0870 corpbleu_ko2en: 0.1894
2022-12-20 13:30:50,411:INFO: Finished 7 epochs of training
2022-12-20 13:39:54,112:INFO: Total time used: 2:16:30 Epoch 7 time used: 0:09:03 train loss: 3.6828 val loss: 0.0021 corpbleu_en2ko: 0.1002 corpbleu_ko2en: 0.2103
2022-12-20 13:40:00,273:INFO: Finished 8 epochs of training
2022-12-20 13:48:58,095:INFO: Total time used: 2:25:34 Epoch 8 time used: 0:08:57 train loss: 3.5249 val loss: 0.0020 corpbleu_en2ko: 0.1115 corpbleu_ko2en: 0.2310
2022-12-20 13:49:03,319:INFO: Finished 9 epochs of training
2022-12-20 13:58:06,218:INFO: Total time used: 2:34:42 Epoch 9 time used: 0:09:02 train loss: 3.3669 val loss: 0.0019 corpbleu_en2ko: 0.1257 corpbleu_ko2en: 0.2494
2022-12-20 13:58:11,026:INFO: Finished 10 epochs of training
2022-12-20 13:58:11,026:INFO: Best corpus bleu score 0.3752 at epoch 9
2022-12-20 13:58:11,026:INFO: ************ Start eval... ************
2022-12-20 13:58:11,583:INFO: Use epoch 9 as the best model for testing
2022-12-20 14:08:43,820:INFO: test_data: en2ko_corpbleu:0.12174715914729602 ko2en_corpbleu 0.232423287162283
2023-01-09 17:01:01,539:INFO: Training model: trans_rhye
2023-01-09 17:01:45,427:INFO: Training model: trans_rhye
2023-01-09 17:23:29,821:INFO: Vocab size en/ko:9062/13240
2023-01-10 07:47:26,368:INFO: Training model: trans_rhye
2023-01-10 08:14:02,800:INFO: Vocab size en/ko:9062/13240
2023-01-10 08:43:05,794:INFO: train/val/test size: 2858/358/22864
2023-01-10 08:58:06,922:INFO: Total time used: 0:14:34 Epoch 0 time used: 0:14:34 train loss: 6.9673 val loss: 0.0035 corpbleu_en2ko: 0.0149 corpbleu_ko2en: 0.0464
2023-01-10 08:58:19,757:INFO: Finished 1 epochs of training
2023-01-10 09:13:10,698:INFO: Total time used: 0:29:38 Epoch 1 time used: 0:14:50 train loss: 5.0243 val loss: 0.0029 corpbleu_en2ko: 0.0465 corpbleu_ko2en: 0.1186
2023-01-10 09:13:22,878:INFO: Finished 2 epochs of training
2023-01-10 09:28:01,176:INFO: Total time used: 0:44:28 Epoch 2 time used: 0:14:38 train loss: 4.2720 val loss: 0.0025 corpbleu_en2ko: 0.0761 corpbleu_ko2en: 0.1705
2023-01-10 09:28:09,703:INFO: Finished 3 epochs of training
2023-01-10 09:43:07,507:INFO: Total time used: 0:59:35 Epoch 3 time used: 0:14:57 train loss: 3.8385 val loss: 0.0023 corpbleu_en2ko: 0.0982 corpbleu_ko2en: 0.2083
2023-01-10 09:43:20,167:INFO: Finished 4 epochs of training
2023-01-10 09:57:54,925:INFO: Total time used: 1:14:22 Epoch 4 time used: 0:14:34 train loss: 3.5260 val loss: 0.0021 corpbleu_en2ko: 0.1116 corpbleu_ko2en: 0.2364
2023-01-10 09:58:03,496:INFO: Finished 5 epochs of training
2023-01-10 10:12:59,955:INFO: Total time used: 1:29:27 Epoch 5 time used: 0:14:56 train loss: 3.3173 val loss: 0.0020 corpbleu_en2ko: 0.1246 corpbleu_ko2en: 0.2551
2023-01-10 10:13:07,126:INFO: Finished 6 epochs of training
2023-01-10 10:28:14,885:INFO: Total time used: 1:44:42 Epoch 6 time used: 0:15:07 train loss: 3.1690 val loss: 0.0020 corpbleu_en2ko: 0.1341 corpbleu_ko2en: 0.2669
2023-01-10 10:28:23,172:INFO: Finished 7 epochs of training
2023-01-10 10:43:06,353:INFO: Total time used: 1:59:34 Epoch 7 time used: 0:14:43 train loss: 3.0567 val loss: 0.0019 corpbleu_en2ko: 0.1415 corpbleu_ko2en: 0.2805
2023-01-10 10:43:12,713:INFO: Finished 8 epochs of training
2023-01-10 10:58:00,033:INFO: Total time used: 2:14:27 Epoch 8 time used: 0:14:47 train loss: 2.9669 val loss: 0.0019 corpbleu_en2ko: 0.1457 corpbleu_ko2en: 0.2866
2023-01-10 10:58:10,474:INFO: Finished 9 epochs of training
2023-01-10 11:13:04,073:INFO: Total time used: 2:29:31 Epoch 9 time used: 0:14:53 train loss: 2.8927 val loss: 0.0018 corpbleu_en2ko: 0.1522 corpbleu_ko2en: 0.2954
2023-01-10 11:13:11,466:INFO: Finished 10 epochs of training
2023-01-10 11:13:11,466:INFO: Best corpus bleu score 0.4476 at epoch 9
2023-01-10 11:13:11,466:INFO: ************ Start eval... ************
2023-01-10 11:13:12,160:INFO: Use epoch 9 as the best model for testing
2023-01-11 21:11:34,523:INFO: test_data: en2ko_corpbleu:0.1554357260652531 ko2en_corpbleu 0.26643870127537667
